<?xml version="1.0" encoding="UTF-8"?>
<!-- Generated by org.testng.reporters.JUnitXMLReporter -->
<testsuite hostname="DESKTOP-8PSOR20" ignored="0" name="Default test" tests="8" failures="0" timestamp="2021-09-08T20:57:51 EDT" time="39.144" errors="0">
  <testcase name="getMethod" time="5.616" classname="hw10Q2selenium.Cvs"/>
  <testcase name="getMaximizeMethod" time="3.147" classname="hw10Q2selenium.Cvs"/>
  <testcase name="getClickMethod" time="5.234" classname="hw10Q2selenium.Cvs"/>
  <testcase name="isDisplayed" time="2.074" classname="hw10Q2selenium.Cvs"/>
  <testcase name="isEnabled" time="3.039" classname="hw10Q2selenium.Cvs"/>
  <testcase name="isSelected" time="3.039" classname="hw10Q2selenium.Cvs"/>
  <testcase name="navigateMethod" time="4.65" classname="hw10Q2selenium.Cvs"/>
  <testcase name="sendKeyMethod" time="3.104" classname="hw10Q2selenium.Cvs"/>
</testsuite> <!-- Default test -->
