<?xml version="1.0" encoding="UTF-8"?>
<testng-results skipped="0" failed="0" ignored="0" total="8" passed="8">
  <reporter-output>
  </reporter-output>
  <suite name="Default suite" duration-ms="39144" started-at="2021-09-08T20:57:12 EDT" finished-at="2021-09-08T20:57:51 EDT">
    <groups>
    </groups>
    <test name="Default test" duration-ms="39144" started-at="2021-09-08T20:57:12 EDT" finished-at="2021-09-08T20:57:51 EDT">
      <class name="hw10Q2selenium.Cvs">
        <test-method status="PASS" signature="beforeTest()[pri:0, instance:hw10Q2selenium.Cvs@5faeada1]" name="beforeTest" is-config="true" duration-ms="4993" started-at="2021-09-08T20:57:12 EDT" finished-at="2021-09-08T20:57:17 EDT">
          <reporter-output>
          </reporter-output>
        </test-method> <!-- beforeTest -->
        <test-method status="PASS" signature="getMethod()[pri:1, instance:hw10Q2selenium.Cvs@5faeada1]" name="getMethod" duration-ms="5616" started-at="2021-09-08T20:57:17 EDT" finished-at="2021-09-08T20:57:22 EDT">
          <reporter-output>
          </reporter-output>
        </test-method> <!-- getMethod -->
        <test-method status="PASS" signature="getMaximizeMethod()[pri:2, instance:hw10Q2selenium.Cvs@5faeada1]" name="getMaximizeMethod" duration-ms="3147" started-at="2021-09-08T20:57:22 EDT" finished-at="2021-09-08T20:57:26 EDT">
          <reporter-output>
          </reporter-output>
        </test-method> <!-- getMaximizeMethod -->
        <test-method status="PASS" signature="getClickMethod()[pri:3, instance:hw10Q2selenium.Cvs@5faeada1]" name="getClickMethod" duration-ms="5234" started-at="2021-09-08T20:57:26 EDT" finished-at="2021-09-08T20:57:31 EDT">
          <reporter-output>
          </reporter-output>
        </test-method> <!-- getClickMethod -->
        <test-method status="PASS" signature="isDisplayed()[pri:4, instance:hw10Q2selenium.Cvs@5faeada1]" name="isDisplayed" duration-ms="2074" started-at="2021-09-08T20:57:31 EDT" finished-at="2021-09-08T20:57:33 EDT">
          <reporter-output>
          </reporter-output>
        </test-method> <!-- isDisplayed -->
        <test-method status="PASS" signature="isEnabled()[pri:5, instance:hw10Q2selenium.Cvs@5faeada1]" name="isEnabled" duration-ms="3039" started-at="2021-09-08T20:57:33 EDT" finished-at="2021-09-08T20:57:36 EDT">
          <reporter-output>
          </reporter-output>
        </test-method> <!-- isEnabled -->
        <test-method status="PASS" signature="isSelected()[pri:6, instance:hw10Q2selenium.Cvs@5faeada1]" name="isSelected" duration-ms="3039" started-at="2021-09-08T20:57:36 EDT" finished-at="2021-09-08T20:57:39 EDT">
          <reporter-output>
          </reporter-output>
        </test-method> <!-- isSelected -->
        <test-method status="PASS" signature="navigateMethod()[pri:7, instance:hw10Q2selenium.Cvs@5faeada1]" name="navigateMethod" duration-ms="4650" started-at="2021-09-08T20:57:39 EDT" finished-at="2021-09-08T20:57:44 EDT">
          <reporter-output>
          </reporter-output>
        </test-method> <!-- navigateMethod -->
        <test-method status="PASS" signature="sendKeyMethod()[pri:8, instance:hw10Q2selenium.Cvs@5faeada1]" name="sendKeyMethod" duration-ms="3104" started-at="2021-09-08T20:57:44 EDT" finished-at="2021-09-08T20:57:47 EDT">
          <reporter-output>
          </reporter-output>
        </test-method> <!-- sendKeyMethod -->
        <test-method status="PASS" signature="afterTest()[pri:0, instance:hw10Q2selenium.Cvs@5faeada1]" name="afterTest" is-config="true" duration-ms="4202" started-at="2021-09-08T20:57:47 EDT" finished-at="2021-09-08T20:57:51 EDT">
          <reporter-output>
          </reporter-output>
        </test-method> <!-- afterTest -->
      </class> <!-- hw10Q2selenium.Cvs -->
    </test> <!-- Default test -->
  </suite> <!-- Default suite -->
</testng-results>
